This is LuaTeX, Version 0.95.0 (TeX Live 2016)  (format=lualatex 2016.6.8)  9 JAN 2017 13:11
 restricted system commands enabled.
 file:line:error style messages enabled.
**Extramural_Support.tex
(./Extramural_Support.tex
LaTeX2e <2016/03/31>
Babel <3.9r> and hyphenation patterns for 1 language(s) loaded.
./Extramural_Support.tex:1: Undefined control sequence.
l.1 \section
          *{extramural support}
The control sequence at the end of the top line
of your error message was never \def'ed. If you have
misspelled it (e.g., `\hobx'), type `I' and the correct
spelling (e.g., `I\hbox'). Otherwise just continue,
and I'll forget about whatever was undefined.


./Extramural_Support.tex:1: LaTeX Error: Missing \begin{document}.

See the LaTeX manual or LaTeX Companion for explanation.
Type  H <return>  for immediate help.
 ...                                              
                                                  
l.1 \section*
           {extramural support}
You're in trouble here.  Try typing  <return>  to proceed.
If that doesn't work, type  X <return>  to quit.


./Extramural_Support.tex:2: LaTeX Error: Environment entrylist undefined.

See the LaTeX manual or LaTeX Companion for explanation.
Type  H <return>  for immediate help.
 ...                                              
                                                  
l.2   \begin{entrylist}
                     
Your command was ignored.
Type  I <command> <return>  to replace it with another command,
or  <return>  to continue without it.

./Extramural_Support.tex:3: Undefined control sequence.
l.3   \entry
          {2016--2019}
The control sequence at the end of the top line
of your error message was never \def'ed. If you have
misspelled it (e.g., `\hobx'), type `I' and the correct
spelling (e.g., `I\hbox'). Otherwise just continue,
and I'll forget about whatever was undefined.

./Extramural_Support.tex:7: Undefined control sequence.
l.7   \entry
          {2013--2017}
The control sequence at the end of the top line
of your error message was never \def'ed. If you have
misspelled it (e.g., `\hobx'), type `I' and the correct
spelling (e.g., `I\hbox'). Otherwise just continue,
and I'll forget about whatever was undefined.

./Extramural_Support.tex:8: Undefined control sequence.
l.8 	 {\href
          {http://philippinericeinfo.ph/}{PRiSM \normalfont{(Philippine Rice...
The control sequence at the end of the top line
of your error message was never \def'ed. If you have
misspelled it (e.g., `\hobx'), type `I' and the correct
spelling (e.g., `I\hbox'). Otherwise just continue,
and I'll forget about whatever was undefined.

./Extramural_Support.tex:11: Undefined control sequence.
l.11   \entry
           {2013--2015}
The control sequence at the end of the top line
of your error message was never \def'ed. If you have
misspelled it (e.g., `\hobx'), type `I' and the correct
spelling (e.g., `I\hbox'). Otherwise just continue,
and I'll forget about whatever was undefined.

./Extramural_Support.tex:15: Undefined control sequence.
l.15   \entry
           {2015--2017}
The control sequence at the end of the top line
of your error message was never \def'ed. If you have
misspelled it (e.g., `\hobx'), type `I' and the correct
spelling (e.g., `I\hbox'). Otherwise just continue,
and I'll forget about whatever was undefined.


./Extramural_Support.tex:19: LaTeX Error: \begin{document} ended by \end{entrylist}.

See the LaTeX manual or LaTeX Companion for explanation.
Type  H <return>  for immediate help.
 ...                                              
                                                  
l.19   \end{entrylist}
                    
Your command was ignored.
Type  I <command> <return>  to replace it with another command,
or  <return>  to continue without it.


Overfull \hbox (20.0pt too wide) in paragraph at lines 1--20
[]*extramural
 []


Overfull \hbox (5.00002pt too wide) in paragraph at lines 1--20
USD\OT1/cmr/m/n/10 $\nullfont 484,274
 []


Overfull \hbox (33.4723pt too wide) in paragraph at lines 1--20
\OT1/cmr/m/n/10 (Philip-
 []


Overfull \hbox (18.33337pt too wide) in paragraph at lines 1--20
\OT1/cmr/m/n/10 pine
 []


Overfull \hbox (19.02779pt too wide) in paragraph at lines 1--20
\OT1/cmr/m/n/10 Rice
 []


Overfull \hbox (12.50002pt too wide) in paragraph at lines 1--20
\OT1/cmr/m/n/10 In-
 []


Overfull \hbox (15.30559pt too wide) in paragraph at lines 1--20
\OT1/cmr/m/n/10 for-
 []


Overfull \hbox (16.6667pt too wide) in paragraph at lines 1--20
\OT1/cmr/m/n/10 ma-
 []


Overfull \hbox (17.22227pt too wide) in paragraph at lines 1--20
\OT1/cmr/m/n/10 tion
 []


Overfull \hbox (18.11115pt too wide) in paragraph at lines 1--20
\OT1/cmr/m/n/10 Sys-
 []


Overfull \hbox (21.38893pt too wide) in paragraph at lines 1--20
\OT1/cmr/m/n/10 teM)
 []


Overfull \hbox (5.00002pt too wide) in paragraph at lines 1--20
USD\OT1/cmr/m/n/10 $\nullfont 2,765,783
 []


Overfull \hbox (5.00002pt too wide) in paragraph at lines 1--20
USD\OT1/cmr/m/n/10 $\nullfont 454,640
 []


Overfull \hbox (5.00002pt too wide) in paragraph at lines 1--20
USD\OT1/cmr/m/n/10 $\nullfont 653,914
 []

./Extramural_Support.tex:21: Undefined control sequence.
l.21   \section
             *{awards}
The control sequence at the end of the top line
of your error message was never \def'ed. If you have
misspelled it (e.g., `\hobx'), type `I' and the correct
spelling (e.g., `I\hbox'). Otherwise just continue,
and I'll forget about whatever was undefined.


./Extramural_Support.tex:21: LaTeX Error: Missing \begin{document}.

See the LaTeX manual or LaTeX Companion for explanation.
Type  H <return>  for immediate help.
 ...                                              
                                                  
l.21   \section*
              {awards}
You're in trouble here.  Try typing  <return>  to proceed.
If that doesn't work, type  X <return>  to quit.


./Extramural_Support.tex:22: LaTeX Error: Environment entrylist undefined.

See the LaTeX manual or LaTeX Companion for explanation.
Type  H <return>  for immediate help.
 ...                                              
                                                  
l.22     \begin{entrylist}
                        
Your command was ignored.
Type  I <command> <return>  to replace it with another command,
or  <return>  to continue without it.

./Extramural_Support.tex:23: Undefined control sequence.
l.23     \entry
             {2016}
The control sequence at the end of the top line
of your error message was never \def'ed. If you have
misspelled it (e.g., `\hobx'), type `I' and the correct
spelling (e.g., `I\hbox'). Otherwise just continue,
and I'll forget about whatever was undefined.


./Extramural_Support.tex:26: LaTeX Error: \begin{document} ended by \end{entrylist}.

See the LaTeX manual or LaTeX Companion for explanation.
Type  H <return>  for immediate help.
 ...                                              
                                                  
l.26 ...Pembleton and G Grundy}      \end{entrylist}
                                                  
Your command was ignored.
Type  I <command> <return>  to replace it with another command,
or  <return>  to continue without it.

)
! Emergency stop.
<*> Extramural_Support.tex
                       
*** (job aborted, no legal \end found)



Here is how much of LuaTeX's memory you used:
 12 strings out of 495119
 100000,89155 words of node,token memory allocated 6475 words of node memory still in use:
   23 hlist, 5 disc, 2 local_par, 1 dir, 162 glue, 12 penalty, 800 glyph, 32 glue_spec, 1 temp nodes
   avail lists: 1:1,2:11,3:1,4:28,5:4,7:71,8:1,10:27
 3676 multiletter control sequences out of 65536+600000
 15 fonts using 632831 bytes
 15i,1n,13p,176b,59s stack positions out of 5000i,500n,10000p,200000b,100000s
!  ==> Fatal error occurred, no output PDF file produced!
