This is LuaTeX, Version 1.0.4 (TeX Live 2017)  (format=lualatex 2017.6.5)  2 AUG 2017 13:04
 restricted system commands enabled.
 file:line:error style messages enabled.
**Mentorships.tex
(./Mentorships.tex
LaTeX2e <2017-04-15>
Lua module: luaotfload-main 2017/01/29 2.80001 OpenType layout system.
Lua module: lualibs 2017-02-01 2.5 ConTeXt Lua standard libraries.
Lua module: lualibs-extended 2017-02-01 2.5 ConTeXt Lua libraries -- extended collection.(using cache: /usr/local/texlive/2017basic/texmf-var/luatex-cache/generic)
luaotfload | conf : Root cache directory is /usr/local/texlive/2017basic/texmf-var/luatex-cache/generic/names.
luaotfload | init : Loading fontloader “fontloader-2017-02-11.lua” from kpse-resolved path “/usr/local/texlive/2017basic/texmf-dist/tex/luatex/luaotfload/fontloader-2017-02-11.lua”.
Lua-only attribute luaotfload@state = 1
Lua-only attribute luaotfload@noligature = 2
Lua-only attribute luaotfload@syllabe = 3
luaotfload | init : Context OpenType loader version “3.027”
Inserting `luaotfload.node_processor' at position 1 in `pre_linebreak_filter'.
Inserting `luaotfload.node_processor' at position 1 in `hpack_filter'.
Inserting `luaotfload.define_font' at position 1 in `define_font'.
Lua-only attribute luaotfload_color_attribute = 4
luaotfload | conf : Root cache directory is /usr/local/texlive/2017basic/texmf-var/luatex-cache/generic/names.
Inserting `luaotfload.aux.set_sscale_dimens' at position 1 in `luaotfload.patch_font'.
Inserting `luaotfload.aux.patch_cambria_domh' at position 2 in `luaotfload.patch_font'.
Inserting `luaotfload.aux.fixup_fontdata' at position 1 in `luaotfload.patch_font_unsafe'.
Inserting `luaotfload.aux.set_capheight' at position 3 in `luaotfload.patch_font'.
Inserting `luaotfload.rewrite_fontname' at position 4 in `luaotfload.patch_font'.
luaotfload | main : initialization completed in 0.212 seconds
Babel <3.10> and hyphenation patterns for 1 language(s) loaded.
./Mentorships.tex:1: Undefined control sequence.
l.1 \section
          *{doctoral dissertation mentorship}
The control sequence at the end of the top line
of your error message was never \def'ed. If you have
misspelled it (e.g., `\hobx'), type `I' and the correct
spelling (e.g., `I\hbox'). Otherwise just continue,
and I'll forget about whatever was undefined.


./Mentorships.tex:1: LaTeX Error: Missing \begin{document}.

See the LaTeX manual or LaTeX Companion for explanation.
Type  H <return>  for immediate help.
 ...                                              
                                                  
l.1 \section*
           {doctoral dissertation mentorship}
You're in trouble here.  Try typing  <return>  to proceed.
If that doesn't work, type  X <return>  to quit.


./Mentorships.tex:2: LaTeX Error: Environment entrylist undefined.

See the LaTeX manual or LaTeX Companion for explanation.
Type  H <return>  for immediate help.
 ...                                              
                                                  
l.2 \begin{entrylist}
                   
Your command was ignored.
Type  I <command> <return>  to replace it with another command,
or  <return>  to continue without it.

./Mentorships.tex:3: Undefined control sequence.
l.3   \entry
          {\small{Current}}
The control sequence at the end of the top line
of your error message was never \def'ed. If you have
misspelled it (e.g., `\hobx'), type `I' and the correct
spelling (e.g., `I\hbox'). Otherwise just continue,
and I'll forget about whatever was undefined.

./Mentorships.tex:3: Undefined control sequence.
l.3   \entry{\small
                 {Current}}
The control sequence at the end of the top line
of your error message was never \def'ed. If you have
misspelled it (e.g., `\hobx'), type `I' and the correct
spelling (e.g., `I\hbox'). Otherwise just continue,
and I'll forget about whatever was undefined.

luaotfload | db : Font names database loaded from /usr/local/texlive/2017basic/texmf-var/luatex-cache/generic/names/luaotfload-names.luc(load luc: /usr/local/texlive/2017basic/texmf-var/luatex-cache/generic/fonts/otl/lmroman10-regular.luc)
./Mentorships.tex:7: Undefined control sequence.
l.7   \entry
          {\small{Current}}
The control sequence at the end of the top line
of your error message was never \def'ed. If you have
misspelled it (e.g., `\hobx'), type `I' and the correct
spelling (e.g., `I\hbox'). Otherwise just continue,
and I'll forget about whatever was undefined.

./Mentorships.tex:7: Undefined control sequence.
l.7   \entry{\small
                 {Current}}
The control sequence at the end of the top line
of your error message was never \def'ed. If you have
misspelled it (e.g., `\hobx'), type `I' and the correct
spelling (e.g., `I\hbox'). Otherwise just continue,
and I'll forget about whatever was undefined.

./Mentorships.tex:11: Undefined control sequence.
l.11   \entry
           {\small{Current}}
The control sequence at the end of the top line
of your error message was never \def'ed. If you have
misspelled it (e.g., `\hobx'), type `I' and the correct
spelling (e.g., `I\hbox'). Otherwise just continue,
and I'll forget about whatever was undefined.

./Mentorships.tex:11: Undefined control sequence.
l.11   \entry{\small
                  {Current}}
The control sequence at the end of the top line
of your error message was never \def'ed. If you have
misspelled it (e.g., `\hobx'), type `I' and the correct
spelling (e.g., `I\hbox'). Otherwise just continue,
and I'll forget about whatever was undefined.

./Mentorships.tex:15: Undefined control sequence.
l.15   \entry
           {\small{2016}}
The control sequence at the end of the top line
of your error message was never \def'ed. If you have
misspelled it (e.g., `\hobx'), type `I' and the correct
spelling (e.g., `I\hbox'). Otherwise just continue,
and I'll forget about whatever was undefined.

./Mentorships.tex:15: Undefined control sequence.
l.15   \entry{\small
                  {2016}}
The control sequence at the end of the top line
of your error message was never \def'ed. If you have
misspelled it (e.g., `\hobx'), type `I' and the correct
spelling (e.g., `I\hbox'). Otherwise just continue,
and I'll forget about whatever was undefined.

LaTeX Font Info:    Try loading font information for OT1+lmr on input line 17.
(/usr/local/texlive/2017basic/texmf-dist/tex/latex/lm/ot1lmr.fd
File: ot1lmr.fd 2009/10/30 v1.6 Font defs for Latin Modern
)
LaTeX Font Info:    Try loading font information for +lmr on input line 17.
LaTeX Font Info:    No file lmr.fd. on input line 17.
LaTeX Font Info:    Try loading font information for +cmr on input line 17.
LaTeX Font Info:    No file cmr.fd. on input line 17.


LaTeX Font Warning: Font shape `/lmr/m/n' undefined
(Font)              using `/cmr/m/n' instead on input line 17.


LaTeX Font Warning: Font shape `/cmr/m/n' undefined
(Font)              using `/cmr/m/n' instead on input line 17.

./Mentorships.tex:17: Corrupted NFSS tables.
wrong@fontshape ...message {Corrupted NFSS tables}
                                                  error@fontshape else let f...
l.17     {University of the Philippines, Los Ba\~n
                                                os, Philippines}
This error message was generated by an \errmessage
command, so I can't give any explicit help.
Pretend that you're Hercule Poirot: Examine all clues,
and deduce the truth by order and method.


LaTeX Font Warning: Font shape `/cmr/m/n' undefined
(Font)              using `OT1/cmr/m/n' instead on input line 17.


LaTeX Font Warning: Font shape `/lmr/m/n' undefined
(Font)              using `/cmr/m/n' instead on input line 17.


./Mentorships.tex:19: LaTeX Error: \begin{document} ended by \end{entrylist}.

See the LaTeX manual or LaTeX Companion for explanation.
Type  H <return>  for immediate help.
 ...                                              
                                                  
l.19 \end{entrylist}
                  
Your command was ignored.
Type  I <command> <return>  to replace it with another command,
or  <return>  to continue without it.


Overfull \hbox (20.0pt too wide) in paragraph at lines 1--20
[]*doctoral
 []


Overfull \hbox (22.22pt too wide) in paragraph at lines 1--20
\TU/lmr/m/n/10 (Col-
 []


Overfull \hbox (16.67pt too wide) in paragraph at lines 1--20
\TU/lmr/m/n/10 lab-
 []


Overfull \hbox (8.33pt too wide) in paragraph at lines 1--20
\TU/lmr/m/n/10 o-
 []


Overfull \hbox (12.25pt too wide) in paragraph at lines 1--20
\TU/lmr/m/n/10 ra-
 []


Overfull \hbox (16.7pt too wide) in paragraph at lines 1--20
\TU/lmr/m/n/10 tor)
 []


Overfull \hbox (18.66pt too wide) in paragraph at lines 1--20
\TU/lmr/m/n/10 (As-
 []


Overfull \hbox (12.27pt too wide) in paragraph at lines 1--20
\TU/lmr/m/n/10 so-
 []


Overfull \hbox (20.55pt too wide) in paragraph at lines 1--20
\TU/lmr/m/n/10 ciate
 []


Overfull \hbox (14.45pt too wide) in paragraph at lines 1--20
\TU/lmr/m/n/10 Su-
 []


Overfull \hbox (17.53pt too wide) in paragraph at lines 1--20
\TU/lmr/m/n/10 per-
 []


Overfull \hbox (11.39pt too wide) in paragraph at lines 1--20
\TU/lmr/m/n/10 vi-
 []


Overfull \hbox (16.75pt too wide) in paragraph at lines 1--20
\TU/lmr/m/n/10 sor)
 []


Overfull \hbox (18.66pt too wide) in paragraph at lines 1--20
\TU/lmr/m/n/10 (As-
 []


Overfull \hbox (12.27pt too wide) in paragraph at lines 1--20
\TU/lmr/m/n/10 so-
 []


Overfull \hbox (20.55pt too wide) in paragraph at lines 1--20
\TU/lmr/m/n/10 ciate
 []


Overfull \hbox (14.45pt too wide) in paragraph at lines 1--20
\TU/lmr/m/n/10 Su-
 []


Overfull \hbox (17.53pt too wide) in paragraph at lines 1--20
\TU/lmr/m/n/10 per-
 []


Overfull \hbox (11.39pt too wide) in paragraph at lines 1--20
\TU/lmr/m/n/10 vi-
 []


Overfull \hbox (16.75pt too wide) in paragraph at lines 1--20
\TU/lmr/m/n/10 sor)
 []


Overfull \hbox (26.29pt too wide) in paragraph at lines 1--20
\TU/lmr/m/n/10 (Prin-
 []


Overfull \hbox (10.55pt too wide) in paragraph at lines 1--20
\TU/lmr/m/n/10 ci-
 []


Overfull \hbox (13.34pt too wide) in paragraph at lines 1--20
\TU/lmr/m/n/10 pal
 []


Overfull \hbox (14.45pt too wide) in paragraph at lines 1--20
\TU/lmr/m/n/10 Su-
 []


Overfull \hbox (17.53pt too wide) in paragraph at lines 1--20
\TU/lmr/m/n/10 per-
 []


Overfull \hbox (11.39pt too wide) in paragraph at lines 1--20
\TU/lmr/m/n/10 vi-
 []


Overfull \hbox (16.75pt too wide) in paragraph at lines 1--20
\TU/lmr/m/n/10 sor)
 []


Overfull \hbox (10.55557pt too wide) in paragraph at lines 1--20
Ba\OT1/lmr/m/n/10 ~\/cmr/m/n/10 n\nullfont os,
 []

./Mentorships.tex:21: Undefined control sequence.
l.21 \section
           *{master's thesis mentorship}
The control sequence at the end of the top line
of your error message was never \def'ed. If you have
misspelled it (e.g., `\hobx'), type `I' and the correct
spelling (e.g., `I\hbox'). Otherwise just continue,
and I'll forget about whatever was undefined.


./Mentorships.tex:21: LaTeX Error: Missing \begin{document}.

See the LaTeX manual or LaTeX Companion for explanation.
Type  H <return>  for immediate help.
 ...                                              
                                                  
l.21 \section*
            {master's thesis mentorship}
You're in trouble here.  Try typing  <return>  to proceed.
If that doesn't work, type  X <return>  to quit.


./Mentorships.tex:22: LaTeX Error: Environment entrylist undefined.

See the LaTeX manual or LaTeX Companion for explanation.
Type  H <return>  for immediate help.
 ...                                              
                                                  
l.22 \begin{entrylist}
                    
Your command was ignored.
Type  I <command> <return>  to replace it with another command,
or  <return>  to continue without it.

./Mentorships.tex:23: Undefined control sequence.
l.23   \entry
           {\small{2017}}
The control sequence at the end of the top line
of your error message was never \def'ed. If you have
misspelled it (e.g., `\hobx'), type `I' and the correct
spelling (e.g., `I\hbox'). Otherwise just continue,
and I'll forget about whatever was undefined.

./Mentorships.tex:23: Undefined control sequence.
l.23   \entry{\small
                  {2017}}
The control sequence at the end of the top line
of your error message was never \def'ed. If you have
misspelled it (e.g., `\hobx'), type `I' and the correct
spelling (e.g., `I\hbox'). Otherwise just continue,
and I'll forget about whatever was undefined.

./Mentorships.tex:27: Undefined control sequence.
l.27   \entry
           {\small{2016}}
The control sequence at the end of the top line
of your error message was never \def'ed. If you have
misspelled it (e.g., `\hobx'), type `I' and the correct
spelling (e.g., `I\hbox'). Otherwise just continue,
and I'll forget about whatever was undefined.

./Mentorships.tex:27: Undefined control sequence.
l.27   \entry{\small
                  {2016}}
The control sequence at the end of the top line
of your error message was never \def'ed. If you have
misspelled it (e.g., `\hobx'), type `I' and the correct
spelling (e.g., `I\hbox'). Otherwise just continue,
and I'll forget about whatever was undefined.


./Mentorships.tex:31: LaTeX Error: \begin{document} ended by \end{entrylist}.

See the LaTeX manual or LaTeX Companion for explanation.
Type  H <return>  for immediate help.
 ...                                              
                                                  
l.31 \end{entrylist}
                  
Your command was ignored.
Type  I <command> <return>  to replace it with another command,
or  <return>  to continue without it.

)
! Emergency stop.
<*> Mentorships.tex
                
*** (job aborted, no legal \end found)



Here is how much of LuaTeX's memory you used:
 67 strings out of 494481
 100000,89155 words of node,token memory allocated 9177 words of node memory still in use:
   37 hlist, 19 disc, 2 local_par, 1 dir, 220 glue, 5 kern, 22 penalty, 1095 glyph, 44 attribute, 35 glue_spec, 44 attribute_list, 1 temp nodes
   avail lists: 3:1,4:28,5:3,7:76,8:1,9:1,10:27
 4294 multiletter control sequences out of 65536+600000
 17 fonts using 868839 bytes
 22i,1n,16p,174b,129s stack positions out of 5000i,500n,10000p,200000b,100000s
!  ==> Fatal error occurred, no output PDF file produced!
